<?xml version="1.0" encoding="UTF-8"?>
<testng-results ignored="0" total="1" passed="1" failed="0" skipped="0">
  <reporter-output>
  </reporter-output>
  <suite started-at="2022-10-11T09:54:54Z" name="Default suite" finished-at="2022-10-11T09:55:04Z" duration-ms="9967">
    <groups>
    </groups>
    <test started-at="2022-10-11T09:54:54Z" name="Default test" finished-at="2022-10-11T09:55:04Z" duration-ms="9967">
      <class name="jenk.NewTest">
        <test-method is-config="true" signature="beforeMethod()[pri:0, instance:jenk.NewTest@4944252c]" started-at="2022-10-11T15:24:54Z" name="beforeMethod" finished-at="2022-10-11T15:25:01Z" duration-ms="6396" status="PASS">
          <reporter-output>
          </reporter-output>
        </test-method> <!-- beforeMethod -->
        <test-method signature="f()[pri:0, instance:jenk.NewTest@4944252c]" started-at="2022-10-11T15:25:01Z" name="f" finished-at="2022-10-11T15:25:04Z" duration-ms="3227" status="PASS">
          <reporter-output>
          </reporter-output>
        </test-method> <!-- f -->
        <test-method is-config="true" signature="afterMethod()[pri:0, instance:jenk.NewTest@4944252c]" started-at="2022-10-11T15:25:04Z" name="afterMethod" finished-at="2022-10-11T15:25:04Z" duration-ms="276" status="PASS">
          <reporter-output>
          </reporter-output>
        </test-method> <!-- afterMethod -->
      </class> <!-- jenk.NewTest -->
    </test> <!-- Default test -->
  </suite> <!-- Default suite -->
</testng-results>
